<menu xmlns:android="http://schemas.android.com/apk/res/android"
    xmlns:tools="http://schemas.android.com/tools"
    tools:context="pl.adamp.testchecker.client.TestResults" >

    <item
        android:id="@+id/action_confirm"
        android:orderInCategory="1"
        android:showAsAction="always|withText"
        android:icon="?android:drawable/ic_menu_save"
        android:title="@string/action_confirm"/>

</menu>
